<?xml version="1.0" encoding="UTF-8"?>
<!-- Generated by org.testng.reporters.JUnitReportReporter -->
<testsuite hostname="LAPTOP-NF7HVJ36" failures="0" tests="3" name="org.qa.testscripts.TC_SeatSelection_003" time="59.355" errors="0" timestamp="2022-06-26T19:46:58 IST" skipped="0">
  <testcase classname="org.qa.testscripts.TC_SeatSelection_003" name="SearchBuses" time="26.402"/>
  <system-out>
    <![CDATA[The user is landed on Yatra home page
Buses Module is present in the current webpage!
DepartFrom text field  is present in the current webpage!
Hyderabad location is selected
GoingTo text field  is present in the current webpage!
Bangalore location is selected
Bangalore
Calender is Enabled
Date in calender is selected
SearchButton is displayed
TestCase Is Passed
==============================================
Available Buses based on search Field : 0
==============================================]]>
  </system-out>
  <testcase classname="org.qa.testscripts.TC_SeatSelection_003" name="YatraFilters" time="26.409"/>
  <system-out>
    <![CDATA[User is landed on the desired page
Filter Tab is Displayed in the page!.
BusType Element is clicked
AcSeater option is displayed
AcSleeper checkbox is Enabled
DepartTime is Selected
ArrivalTime is Selected
ApplyFilter button is enabled
Available buses based on Filters : 17
Orange Tours And Travels
Scania AC Multi Axle Sleeper (2+1)
14:55
9h 35m
Boarding/Dropping Points
00:30
₹ 1,850
31 Seats Left
Select Seat
Cancellation Policy
Orange Tours and Travels Platinum
Volvo Multi-Axle Sleeper A-C (2+1)
14:55
9h 20m
Boarding/Dropping Points
00:15
₹ 1,850
37 Seats Left
Select Seat
Cancellation Policy
SRL Bus
AC Sleeper (2 + 1)
15:00
10h 20m
Boarding/Dropping Points
01:20
₹ 1,350
31 Seats Left
Select Seat
Cancellation Policy
Kallada Travels (Suresh Kallada)
A-C Sleeper (2+1)
15:15
10h
Boarding/Dropping Points
01:15
₹ 1,470
25 Seats Left
Select Seat
Cancellation Policy
Swamy Ayyappa Travels
Capella A-C Sleeper (2+1)
15:20
9h 45m
Boarding/Dropping Points
01:05
₹ 1,630
31 Seats Left
Select Seat
Cancellation Policy
Swamy Ayyappa Travels
Capella A-C Sleeper (2+1)
15:20
10h
Boarding/Dropping Points
01:20
₹ 1,630
23 Seats Left
Select Seat
Cancellation Policy
Alhind Tours and Travels Pvt Ltd
Volvo Multi-Axle Sleeper A-C (2+1)
15:40
9h 35m
Boarding/Dropping Points
01:15
₹ 1,580
35 Seats Left
Select Seat
Cancellation Policy
SHREE ROAD LINES SRL
A-C Sleeper (2+1)
15:45
9h 40m
Boarding/Dropping Points
01:25
₹ 1,420
36 Seats Left
Select Seat
Cancellation Policy
Orange Tours and Travels Platinum
Volvo Multi-Axle Sleeper A-C (2+1)
15:50
9h 55m
Boarding/Dropping Points
01:45
₹ 1,850
29 Seats Left
Select Seat
Cancellation Policy
Swamy Ayyappa Travels
AC Sleeper (2 + 1)
16:00
9h 15m
Boarding/Dropping Points
01:15
₹ 1,550
23 Seats Left
Select Seat
Cancellation Policy
Kallada Travels (Suresh Kallada)
A-C Sleeper (2+1)
16:15
9h 45m
Boarding/Dropping Points
02:00
₹ 1,470
25 Seats Left
Select Seat
Cancellation Policy
Swamy Ayyappa Travels
Volvo Multi-Axle Sleeper A-C (2+1)
16:20
10h 5m
Boarding/Dropping Points
02:25
₹ 1,680
25 Seats Left
Select Seat
Cancellation Policy
Orange Tours and Travels Platinum
AC-SLEEPER
16:30
9h 45m
Boarding/Dropping Points
02:15
₹ 1,550
11 Seats Left
Select Seat
Cancellation Policy
Swamy Ayyappa Travels
AC Sleeper (2 + 1)
17:00
8h
Boarding/Dropping Points
01:00
₹ 1,550
30 Seats Left
Select Seat
Cancellation Policy
Orange Tours and Travels
AC-SEATER
17:05
10h 5m
Boarding/Dropping Points
03:10
₹ 1,100
45 Seats Left
Select Seat
Cancellation Policy
Kallada Tours and Travels
AC Sleeper (2 + 1)
17:15
9h 20m
Boarding/Dropping Points
02:35
₹ 1,400
27 Seats Left
Select Seat
Cancellation Policy
Swamy Ayyappa Travels
VOLVO AC Multi Axle Sleeper (2 + 1)
17:15
9h 30m
Boarding/Dropping Points
02:45
₹ 1,600
25 Seats Left
Select Seat
Cancellation Policy]]>
  </system-out>
  <testcase classname="org.qa.testscripts.TC_SeatSelection_003" name="YatraSeatSelection" time="6.544"/>
  <system-out>
    <![CDATA[User is landed on SeatSelection page
SelecctSeat button is enable
Total Available Seats are : 0]]>
  </system-out>
</testsuite> <!-- org.qa.testscripts.TC_SeatSelection_003 -->
