<?xml version="1.0" encoding="UTF-8"?>
<!-- Generated by org.testng.reporters.JUnitReportReporter -->
<testsuite hostname="LAPTOP-NF7HVJ36" failures="0" tests="2" name="org.qa.testscripts.TC_Filter_002" time="73.979" errors="0" timestamp="2022-05-09T12:56:37 IST" skipped="0">
  <testcase classname="org.qa.testscripts.TC_Filter_002" name="SearchBuses" time="39.140"/>
  <system-out>
    <![CDATA[The user is landed on Yatra home page
Buses Module is present in the current webpage!
DepartFrom text field  is present in the current webpage!
Hyderabad location is selected
GoingTo text field  is present in the current webpage!
Going To Location are : 1
Bangalore
Calender is Enabled
Date in calender is selected
SearchButton is displayed
TestCase Is Passed
==============================================
Available Buses based on search Field : 263
SLH Tours And Travels
AC Sleeper (2 + 1)
09:30
10h 30m
Boarding/Dropping Points
20:00
₹ 3,000
Sold Out
Select Seat
Cancellation Policy
Alhind Tours and Travels Pvt Ltd
Volvo Multi-Axle Sleeper A-C (2+1)
13:45
9h 55m
Boarding/Dropping Points
23:40
₹ 1,680
34 Seats Left
Select Seat
Cancellation Policy
Orange tours and travels
Volvo Multi-Axle A-C Semi Sleeper (2+2)
14:55
9h 20m
Boarding/Dropping Points
00:15
₹ 1,160
46 Seats Left
Select Seat
Cancellation Policy
Orange tours and travels
Scania AC Multi Axle Sleeper (2+1)
14:55
9h 35m
Boarding/Dropping Points
00:30
₹ 1,850
33 Seats Left
Select Seat
Cancellation Policy
Orange Tours and Travels Platinum
Volvo Multi-Axle Sleeper A-C (2+1)
14:55
9h 20m
Boarding/Dropping Points
00:15
₹ 2,360
26 Seats Left
Select Seat
Cancellation Policy
Kallada Travels (Suresh Kallada)
A-C Sleeper (2+1)
15:15
10h
Boarding/Dropping Points
01:15
₹ 1,470
23 Seats Left
Select Seat
Cancellation Policy
Swamy Ayyappa Travels
Capella A-C Sleeper (2+1)
15:20
9h 45m
Boarding/Dropping Points
01:05
₹ 1,470
29 Seats Left
Select Seat
Cancellation Policy
Swamy Ayyappa Travels
Capella A-C Sleeper (2+1)
15:20
10h
Boarding/Dropping Points
01:20
₹ 1,470
29 Seats Left
Select Seat
Cancellation Policy
Orange Tours and Travels
VOLVO AC Multi Axle Semi Sleeper (2 + 2)
15:30
8h 29m
Boarding/Dropping Points
23:59
₹ 1,100
12 Seats Left
Select Seat
Cancellation Policy
Orange Tours and Travels
SCANIA AC Multi Axle Sleeper (2 + 1)
15:30
8h 25m
Boarding/Dropping Points
23:55
₹ 1,600
35 Seats Left
Select Seat
Cancellation Policy
Orange Tours and Travels Platinum
VOLVO AC Multi Axle Sleeper (2 + 1)
15:30
8h 29m
Boarding/Dropping Points
23:59
₹ 2,250
28 Seats Left
Select Seat
Cancellation Policy
Kallada Travels (Suresh Kallada)
Volvo Multi-Axle A-C Semi Sleeper (2+2)
15:50
9h 10m
Boarding/Dropping Points
01:00
₹ 1,260
29 Seats Left
Select Seat
Cancellation Policy
Orange Tours and Travels Platinum
Volvo Multi-Axle Sleeper A-C (2+1)
15:50
9h 55m
Boarding/Dropping Points
01:45
₹ 1,850
39 Seats Left
Select Seat
Cancellation Policy
Swamy Ayyappa Travels
AC Sleeper (2 + 1)
16:00
9h 15m
Boarding/Dropping Points
01:15
₹ 1,400
29 Seats Left
Select Seat
Cancellation Policy
SR Tours and Travels
NON-AC Sleeper (2 + 1)
16:00
9h 15m
Boarding/Dropping Points
01:15
₹ 4,000
Sold Out
Select Seat
Cancellation Policy
Alhind Tours and Travels Pvt Ltd
Volvo Multi-Axle Sleeper A-C (2+1)
16:05
9h 35m
Boarding/Dropping Points
01:40
₹ 1,680
36 Seats Left
Select Seat
Cancellation Policy
Kallada Tours and Travels
AC Sleeper (2 + 1)
16:10
7h 49m
Boarding/Dropping Points
23:59
₹ 1,400
23 Seats Left
Select Seat
Cancellation Policy
Swamy Ayyappa Travels
Volvo Multi-Axle Sleeper A-C (2+1)
16:20
10h 5m
Boarding/Dropping Points
02:25
₹ 1,680
23 Seats Left
Select Seat
Cancellation Policy
Orange Tours and Travels Platinum
VOLVO AC Multi Axle Sleeper (2 + 1)
16:30
9h 45m
Boarding/Dropping Points
02:15
₹ 1,600
39 Seats Left
Select Seat
Cancellation Policy
Kallada Travels (Suresh Kallada)
A-C Sleeper (2+1)
16:35
9h 25m
Boarding/Dropping Points
02:00
₹ 1,470
22 Seats Left
Select Seat
Cancellation Policy
Kallada Tours and Travels
VOLVO AC Multi Axle Semi Sleeper (2 + 2)
16:50
7h 55m
Boarding/Dropping Points
00:45
₹ 1,200
30 Seats Left
Select Seat
Cancellation Policy
Swamy Ayyappa Travels
AC Sleeper (2 + 1)
17:00
8h
Boarding/Dropping Points
01:00
₹ 1,400
29 Seats Left
Select Seat
Cancellation Policy
Orange Tours and Travels
VOLVO AC Multi Axle Semi Sleeper (2 + 2)
17:05
10h 5m
Boarding/Dropping Points
03:10
₹ 1,000
Sold Out
Select Seat
Cancellation Policy
Kallada Tours and Travels
AC Sleeper (2 + 1)
17:15
9h 20m
Boarding/Dropping Points
02:35
₹ 1,400
20 Seats Left
Select Seat
Cancellation Policy
Swamy Ayyappa Travels
VOLVO AC Multi Axle Sleeper (2 + 1)
17:15
9h 30m
Boarding/Dropping Points
02:45
₹ 1,600
23 Seats Left
Select Seat
Cancellation Policy
Empire Travels
AC Seater (Tempo Traveller)
18:00
13h
Boarding/Dropping Points
07:00
₹ 3,000
Sold Out
Select Seat
Cancellation Policy
Orange Tours and Travels Platinum
VOLVO AC Multi Axle Sleeper (2 + 1)
18:10
9h 10m
Boarding/Dropping Points
03:20
₹ 1,600
39 Seats Left
Select Seat
Cancellation Policy
Orange Tours and Travels Platinum
Volvo Multi-Axle Sleeper A-C (2+1)
18:15
9h 20m
Boarding/Dropping Points
03:35
₹ 1,850
37 Seats Left
Select Seat
Cancellation Policy
IntrCity SmartBus
AC Semi Sleeper-Sleeper (2 + 1)
18:50
11h 10m
Boarding/Dropping Points
06:00
₹ 878
34 Seats Left
Select Seat
Cancellation Policy
IntrCity SmartBus
A-C Semi Sleeper - Sleeper (2+1)
19:00
12h 20m
Boarding/Dropping Points
07:20
₹ 922
34 Seats Left
Select Seat
Cancellation Policy
S L Travels (slta)
NON-AC Sleeper (2 + 1)
19:00
10h
Boarding/Dropping Points
05:00
₹ 1,090
18 Seats Left
Select Seat
Cancellation Policy
S L Travels
Non A-C, Sleeper
19:00
10h
Boarding/Dropping Points
05:00
₹ 1,320
21 Seats Left
Select Seat
Cancellation Policy
S L Travels
NON-AC Sleeper (2 + 1)
19:00
10h
Boarding/Dropping Points
05:00
₹ 1,320
21 Seats Left
Select Seat
Cancellation Policy
Dheeraj Tours and Travels
AC Sleeper (2 + 1)
19:00
10h
Boarding/Dropping Points
05:00
₹ 1,550
Sold Out
Select Seat
Cancellation Policy
BRIGHT TRAVELS
AC Sleeper (2 + 1)
19:00
10h
Boarding/Dropping Points
05:00
₹ 3,000
4 Seats Left
Select Seat
Cancellation Policy
Saleem Travels
NON A-C Semi Sleeper (2+2)
19:10
10h 51m
Boarding/Dropping Points
06:01
₹ 819
29 Seats Left
Select Seat
Cancellation Policy
Orange Tours and Travels Grand
A-C Sleeper (2+1)
19:10
9h 50m
Boarding/Dropping Points
05:00
₹ 1,790
28 Seats Left
Select Seat
Cancellation Policy
Orange Tours and Travels Platinum
Volvo Multi-Axle Sleeper A-C (2+1)
19:10
10h 5m
Boarding/Dropping Points
05:15
₹ 1,850
25 Seats Left
Select Seat
Cancellation Policy
Kaleswari Travels
NON A-C Seater Push Back (2+1)
19:30
11h 45m
Boarding/Dropping Points
07:15
₹ 725
12 Seats Left
Select Seat
Cancellation Policy
Kaleswari Travels
NON A-C Seater - Sleeper (2+1)
19:30
11h 45m
Boarding/Dropping Points
07:15
₹ 735
19 Seats Left
Select Seat
Cancellation Policy
Jabbar Travels
NON A-C Seater - Sleeper (2+1)
19:35
10h 15m
Boarding/Dropping Points
05:50
₹ 840
34 Seats Left
Select Seat
Cancellation Policy
IntrCity SmartBus
AC Sleeper (2 + 1)
19:40
9h 55m
Boarding/Dropping Points
05:35
₹ 1,440
21 Seats Left
Select Seat
Cancellation Policy
IntrCity SmartBus
AC Sleeper (2+1)
19:40
10h 40m
Boarding/Dropping Points
06:20
₹ 1,470
23 Seats Left
Select Seat
Cancellation Policy
Jabbar Travels
NON-AC Seater-Sleeper (2 + 1)
19:45
9h 45m
Boarding/Dropping Points
05:30
₹ 800
34 Seats Left
Select Seat
Cancellation Policy
Jabbar Travels
Non A-C, Seater Sleeper
19:45
9h 45m
Boarding/Dropping Points
05:30
₹ 1,200
34 Seats Left
Select Seat
Cancellation Policy
IntrCity SmartBus
AC Sleeper (2 + 1)
19:45
10h 45m
Boarding/Dropping Points
06:30
₹ 1,600
22 Seats Left
Select Seat
Cancellation Policy
V Kaveri Travels
Volvo Multi-Axle A-C Sleeper (2+1)
19:45
10h 20m
Boarding/Dropping Points
06:05
₹ 1,850
21 Seats Left
Select Seat
Cancellation Policy
Swamy Ayyappa Travels
Volvo Multi-Axle Sleeper A-C (2+1)
19:50
8h 35m
Boarding/Dropping Points
04:25
₹ 1,680
31 Seats Left
Select Seat
Cancellation Policy
SR Tours and Travels
AC Sleeper (2 + 1)
19:50
8h 5m
Boarding/Dropping Points
03:55
₹ 1,900
30 Seats Left
Select Seat
Cancellation Policy
SR Tours and Travels
AC Sleeper (2 + 1)
19:50
8h 15m
Boarding/Dropping Points
04:05
₹ 1,900
30 Seats Left
Select Seat
Cancellation Policy
SR Tours and Travels
A-C, Sleeper
19:50
8h 15m
Boarding/Dropping Points
04:05
₹ 1,900
30 Seats Left
Select Seat
Cancellation Policy
Sri Krishna Travels
NON A-C Seater - Sleeper (2+1)
19:55
11h 5m
Boarding/Dropping Points
07:00
₹ 1,460
26 Seats Left
Select Seat
Cancellation Policy
SR Tours and Travels
A-C Sleeper (2+1)
19:55
8h 35m
Boarding/Dropping Points
04:30
₹ 1,990
30 Seats Left
Select Seat
Cancellation Policy
Sri Krishna Travels
A-C Sleeper (2+1)
19:55
11h 5m
Boarding/Dropping Points
07:00
₹ 2,720
24 Seats Left
Select Seat
Cancellation Policy
Sri Krishna Travels
Volvo Multi-Axle A-C Semi Sleeper (2+2)
19:55
11h 5m
Boarding/Dropping Points
07:00
₹ 2,720
49 Seats Left
Select Seat
Cancellation Policy
Sri Vinayaka Travels
NON-AC Seater-Sleeper (2 + 1)
20:00
10h 30m
Boarding/Dropping Points
06:30
₹ 800
34 Seats Left
Select Seat
Cancellation Policy
BSR TOURS And TRAVELS
NON-AC Seater-Sleeper (2 + 1)
20:00
11h
Boarding/Dropping Points
07:00
₹ 850
Sold Out
Select Seat
Cancellation Policy
BSR TOURS And TRAVELS
AC Seater-Sleeper (2 + 1)
20:00
10h
Boarding/Dropping Points
06:00
₹ 1,190
21 Seats Left
Select Seat
Cancellation Policy
BRIGHT TRAVELS
NON-AC Sleeper (2 + 1)
20:00
5h 30m
Boarding/Dropping Points
01:30
₹ 1,200
4 Seats Left
Select Seat
Cancellation Policy
Orange Tours and Travels Platinum
VOLVO AC Multi Axle Sleeper (2 + 1)
20:00
9h 30m
Boarding/Dropping Points
05:30
₹ 1,600
25 Seats Left
Select Seat
Cancellation Policy
Orange Tours and Travels Grand
AC Sleeper (2 + 1)
20:00
9h 20m
Boarding/Dropping Points
05:20
₹ 1,700
18 Seats Left
Select Seat
Cancellation Policy
V Kaveri Travels
VOLVO AC Multi Axle Sleeper (2 + 1)
20:00
9h 30m
Boarding/Dropping Points
05:30
₹ 1,760
21 Seats Left
Select Seat
Cancellation Policy
Geepee travels
Non AC Seater (2+2)
20:05
12h 25m
Boarding/Dropping Points
08:30
₹ 788
30 Seats Left
Select Seat
Cancellation Policy
Geepee travels
NON A-C Sleeper (2+1)
20:05
12h 25m
Boarding/Dropping Points
08:30
₹ 932
24 Seats Left
Select Seat
Cancellation Policy
SL Travels
NON A-C Sleeper (2+1)
20:10
10h 20m
Boarding/Dropping Points
06:30
₹ 1,140
18 Seats Left
Select Seat
Cancellation Policy
Jabbar Travels
SCANIA AC Multi Axle Semi Sleeper (2 + 2)
20:15
8h 45m
Boarding/Dropping Points
05:00
₹ 950
Sold Out
Select Seat
Cancellation Policy
Saleem Travels (Hyderabad)
Non A-C, Seater Semi Sleeper, Deluxe
20:20
9h 40m
Boarding/Dropping Points
06:00
₹ 799
20 Seats Left
Select Seat
Cancellation Policy
Saleem Travels (Hyderabad)
NON-AC Semi Sleeper
20:20
9h 40m
Boarding/Dropping Points
06:00
₹ 799
20 Seats Left
Select Seat
Cancellation Policy
GEEPEE BUS
NON-AC Sleeper (2 + 1)
20:25
10h 35m
Boarding/Dropping Points
07:00
₹ 990
24 Seats Left
Select Seat
Cancellation Policy
VRL Travels
AC Seater-Sleeper
20:30
9h 45m
Boarding/Dropping Points
06:15
₹ 900
40 Seats Left
Select Seat
Cancellation Policy
Sri Krishna Travels
NON-AC Seater-Sleeper (2 + 1)
20:30
9h 30m
Boarding/Dropping Points
06:00
₹ 1,390
26 Seats Left
Select Seat
Cancellation Policy
Swamy Ayyappa Travels
VOLVO AC Multi Axle Sleeper (2 + 1)
20:30
8h 15m
Boarding/Dropping Points
04:45
₹ 1,600
31 Seats Left
Select Seat
Cancellation Policy
Sri Krishna Travels
AC Sleeper (2 + 1)
20:30
10h
Boarding/Dropping Points
06:30
₹ 2,590
24 Seats Left
Select Seat
Cancellation Policy
BSR Tours And Travels
A-C Seater - Sleeper (2+1)
20:40
10h 30m
Boarding/Dropping Points
07:10
₹ 1,100
26 Seats Left
Select Seat
Cancellation Policy
IntrCity SmartBus
AC Sleeper (2+1)
20:40
11h 5m
Boarding/Dropping Points
07:45
₹ 1,690
22 Seats Left
Select Seat
Cancellation Policy
Orange tours and travels
Scania AC Multi Axle Sleeper (2+1)
20:40
10h 5m
Boarding/Dropping Points
06:45
₹ 1,850
32 Seats Left
Select Seat
Cancellation Policy
HAPPY BUS SERVICES
NON-AC Seater-Sleeper (2 + 1)
20:45
11h 15m
Boarding/Dropping Points
08:00
₹ 900
37 Seats Left
Select Seat
Cancellation Policy
HAPPY BUS SERVICES
AC Seater-Sleeper (2 + 1)
20:45
11h 15m
Boarding/Dropping Points
08:00
₹ 999
36 Seats Left
Select Seat
Cancellation Policy
Bharathi Travels
Volvo Multi Axle A-C Sleeper I-Shift B11R (2+1)
20:45
10h 15m
Boarding/Dropping Points
07:00
₹ 1,470
30 Seats Left
Select Seat
Cancellation Policy
Go Tour Travels and Holidays
A-C Sleeper (2+1)
20:45
11h 5m
Boarding/Dropping Points
07:50
₹ 1,750
20 Seats Left
Select Seat
Cancellation Policy
AVM Travels
NON-AC Seater-Sleeper (2 + 1)
20:50
11h 10m
Boarding/Dropping Points
08:00
₹ 750
41 Seats Left
Select Seat
Cancellation Policy
JBT TRAVELS
NON-AC Seater-Sleeper
20:50
11h 10m
Boarding/Dropping Points
08:00
₹ 850
45 Seats Left
Select Seat
Cancellation Policy
AVM Travels
AC Sleeper (2 + 1)
20:50
11h 10m
Boarding/Dropping Points
08:00
₹ 1,300
24 Seats Left
Select Seat
Cancellation Policy
KGN INDIA
NON A-C Sleeper (2+1)
20:55
9h 10m
Boarding/Dropping Points
06:05
₹ 893
17 Seats Left
Select Seat
Cancellation Policy
GEEPEE BUS
NON AC Seater (2 + 2)
21:00
10h 10m
Boarding/Dropping Points
07:10
₹ 786
23 Seats Left
Select Seat
Cancellation Policy
Sri Vinayaka Travels
NON A-C Seater - Sleeper (2+1)
21:00
10h 25m
Boarding/Dropping Points
07:25
₹ 840
35 Seats Left
Select Seat
Cancellation Policy
Orange Tours and Travels Platinum
VOLVO AC Multi Axle Semi Sleeper
21:00
9h 30m
Boarding/Dropping Points
06:30
₹ 1,000
25 Seats Left
Select Seat
Cancellation Policy
Orange Tours and Travels Business Class
VOLVO AC Multi Axle Semi Sleeper (2 + 1)
21:00
9h 30m
Boarding/Dropping Points
06:30
₹ 1,000
9 Seats Left
Select Seat
Cancellation Policy
ABT Express
AC Sleeper (2 + 1)
21:00
10h
Boarding/Dropping Points
07:00
₹ 1,200
Sold Out
Select Seat
Cancellation Policy
Orange Tours and Travels
SCANIA AC Multi Axle Sleeper (2 + 1)
21:00
9h 30m
Boarding/Dropping Points
06:30
₹ 1,600
34 Seats Left
Select Seat
Cancellation Policy
Tanaaz Travel Agency
AC Sleeper (2 + 1)
21:00
10h
Boarding/Dropping Points
07:00
₹ 2,500
26 Seats Left
Select Seat
Cancellation Policy
Dakshin Roadlines
AC Sleeper (2 + 1)
21:00
10h
Boarding/Dropping Points
07:00
₹ 4,000
36 Seats Left
Select Seat
Cancellation Policy
Orange Tours and Travels
NON-AC Seater-Sleeper (2 + 1)
21:05
11h
Boarding/Dropping Points
08:05
₹ 800
36 Seats Left
Select Seat
Cancellation Policy
Orange tours and travels
NON A-C Seater - Sleeper (2+1)
21:05
11h
Boarding/Dropping Points
08:05
₹ 893
36 Seats Left
Select Seat
Cancellation Policy
Orange Tours and Travels Business Class
A-C Semi Sleeper (2+1)
21:05
10h 25m
Boarding/Dropping Points
07:30
₹ 1,100
9 Seats Left
Select Seat
Cancellation Policy
Orange Tours and Travels Platinum
Volvo Multi-Axle A-C Semi Sleeper (2+2)
21:05
10h 25m
Boarding/Dropping Points
07:30
₹ 1,100
25 Seats Left
Select Seat
Cancellation Policy
Greenline Travels
AC Sleeper (2 + 1)
21:10
8h 50m
Boarding/Dropping Points
06:00
₹ 1,400
Sold Out
Select Seat
Cancellation Policy
KTC Tours And Travels
NON-AC Seater-Sleeper (2 + 1)
21:10
7h 30m
Boarding/Dropping Points
04:40
₹ 1,500
Sold Out
Select Seat
Cancellation Policy
National travels
Volvo Multi-Axle I-Shift A-C Sleeper (2+1)
21:10
9h 5m
Boarding/Dropping Points
06:15
₹ 1,580
23 Seats Left
Select Seat
Cancellation Policy
National travels
Volvo Multi-Axle I-Shift A-C Sleeper (2+1)
21:10
9h 10m
Boarding/Dropping Points
06:20
₹ 1,580
19 Seats Left
Select Seat
Cancellation Policy
S.L Travels
NON A-C Seater - Sleeper (2+1)
21:15
10h 30m
Boarding/Dropping Points
07:45
₹ 893
35 Seats Left
Select Seat
Cancellation Policy
Mahi Trans Solutions
NON-AC Seater-Sleeper (2 + 1)
21:15
10h 30m
Boarding/Dropping Points
07:45
₹ 999
32 Seats Left
Select Seat
Cancellation Policy
DLT Bus
AC Sleeper (2 + 1)
21:15
8h 15m
Boarding/Dropping Points
05:30
₹ 1,400
24 Seats Left
Select Seat
Cancellation Policy
DLT Bus
AC Sleeper (2 + 1)
21:15
9h 15m
Boarding/Dropping Points
06:30
₹ 1,400
24 Seats Left
Select Seat
Cancellation Policy
Jabbar Travels
AC Sleeper (2 + 1)
21:15
9h
Boarding/Dropping Points
06:15
₹ 1,490
11 Seats Left
Select Seat
Cancellation Policy
Jabbar Travels
A-C, Sleeper
21:15
9h
Boarding/Dropping Points
06:15
₹ 1,490
10 Seats Left
Select Seat
Cancellation Policy
Sunshine Travels
Volvo Multi-Axle A-C Sleeper (2+1)
21:15
9h
Boarding/Dropping Points
06:15
₹ 1,680
28 Seats Left
Select Seat
Cancellation Policy
GreenLine Travels And Holidays
A-C Sleeper (2+1)
21:20
9h 35m
Boarding/Dropping Points
06:55
₹ 1,470
26 Seats Left
Select Seat
Cancellation Policy
Morning Star Travels
AC Sleeper (2 + 1)
21:20
8h 40m
Boarding/Dropping Points
06:00
₹ 1,550
17 Seats Left
Select Seat
Cancellation Policy
KKaveri Travels
NON-AC Seater-Sleeper (2 + 1)
21:30
9h 45m
Boarding/Dropping Points
07:15
₹ 850
28 Seats Left
Select Seat
Cancellation Policy
KKaveri Travels
NON A-C Seater - Sleeper (2+1)
21:30
10h 20m
Boarding/Dropping Points
07:50
₹ 893
28 Seats Left
Select Seat
Cancellation Policy
V Kaveri Travels
NON-AC Seater-Sleeper (2 + 1)
21:30
9h
Boarding/Dropping Points
06:30
₹ 900
26 Seats Left
Select Seat
Cancellation Policy
V Kaveri Travels
NON A-C Seater - Sleeper (2+1)
21:30
10h
Boarding/Dropping Points
07:30
₹ 945
26 Seats Left
Select Seat
Cancellation Policy
KKaveri Travels
NON-AC Seater-Sleeper (2 + 1)
21:30
8h 30m
Boarding/Dropping Points
06:00
₹ 999
20 Seats Left
Select Seat
Cancellation Policy
Dharani Tours and Travels
NON-AC Seater-Sleeper (2 + 1)
21:30
8h 45m
Boarding/Dropping Points
06:15
₹ 999
21 Seats Left
Select Seat
Cancellation Policy
Bharathi Travels
NON-AC Seater-Sleeper (2 + 1)
21:30
10h
Boarding/Dropping Points
07:30
₹ 999
Sold Out
Select Seat
Cancellation Policy
KKaveri Travels
NON-AC Sleeper (2 + 1)
21:30
9h 45m
Boarding/Dropping Points
07:15
₹ 1,320
14 Seats Left
Select Seat
Cancellation Policy
KKaveri Travels
NON A-C Sleeper (2+1)
21:30
10h 20m
Boarding/Dropping Points
07:50
₹ 1,390
14 Seats Left
Select Seat
Cancellation Policy
IntrCity SmartBus
AC Sleeper (2 + 1)
21:30
9h 20m
Boarding/Dropping Points
06:50
₹ 1,420
22 Seats Left
Select Seat
Cancellation Policy
Go Tour Travels and Holidays
A-C, Sleeper
21:30
9h 45m
Boarding/Dropping Points
07:15
₹ 1,550
20 Seats Left
Select Seat
Cancellation Policy
Go Tour Travels and Holidays
AC Sleeper (2 + 1)
21:30
9h 45m
Boarding/Dropping Points
07:15
₹ 1,670
20 Seats Left
Select Seat
Cancellation Policy
V Kaveri Travels
VOLVO AC Multi Axle Sleeper (2 + 1)
21:30
8h 30m
Boarding/Dropping Points
06:00
₹ 1,760
23 Seats Left
Select Seat
Cancellation Policy
V Kaveri Travels
Volvo Multi-Axle A-C Sleeper (2+1)
21:30
9h 50m
Boarding/Dropping Points
07:20
₹ 1,850
23 Seats Left
Select Seat
Cancellation Policy
Sri Krishna Travels
VOLVO AC Multi Axle Sleeper (2 + 1)
21:30
10h
Boarding/Dropping Points
07:30
₹ 1,890
28 Seats Left
Select Seat
Cancellation Policy
Sri Krishna Travels
Volvo Multi-Axle A-C Sleeper (2+1)
21:30
10h 30m
Boarding/Dropping Points
08:00
₹ 1,980
28 Seats Left
Select Seat
Cancellation Policy
Bharathi Travels
NON-AC Seater-Sleeper (2 + 1)
21:35
10h 45m
Boarding/Dropping Points
08:20
₹ 800
36 Seats Left
Select Seat
Cancellation Policy
Bharathi Travels
Non A-C, Seater Sleeper
21:35
10h 45m
Boarding/Dropping Points
08:20
₹ 1,100
36 Seats Left
Select Seat
Cancellation Policy
IntrCity SmartBus
AC Sleeper (2+1)
21:35
9h 55m
Boarding/Dropping Points
07:30
₹ 1,660
18 Seats Left
Select Seat
Cancellation Policy
Jabbar Travels
NON A-C Sleeper (2+1)
21:40
10h 15m
Boarding/Dropping Points
07:55
₹ 1,040
19 Seats Left
Select Seat
Cancellation Policy
Jabbar Travels
Bharat Benz A-C Sleeper (2+1)
21:40
9h 35m
Boarding/Dropping Points
07:15
₹ 1,560
10 Seats Left
Select Seat
Cancellation Policy
IntrCity SmartBus
AC Sleeper (2 + 1)
21:40
9h 55m
Boarding/Dropping Points
07:35
₹ 1,600
18 Seats Left
Select Seat
Cancellation Policy
VRL Travels
NON-AC Seater-Sleeper (2 + 1)
21:45
8h 45m
Boarding/Dropping Points
06:30
₹ 800
37 Seats Left
Select Seat
Cancellation Policy
S L Travels
NON-AC Seater-Sleeper (2 + 1)
21:45
9h 15m
Boarding/Dropping Points
07:00
₹ 850
35 Seats Left
Select Seat
Cancellation Policy
SRS Travels and Logistics Private Limited
SCANIA AC Semi Sleeper (2 + 2)
21:45
8h 30m
Boarding/Dropping Points
06:15
₹ 850
42 Seats Left
Select Seat
Cancellation Policy
SRS Travels
Scania Multi-Axle AC Semi Sleeper (2+2)
21:45
8h 10m
Boarding/Dropping Points
05:55
₹ 893
42 Seats Left
Select Seat
Cancellation Policy
Jabbar Travels
NON-AC Sleeper (2 + 1)
21:45
10h
Boarding/Dropping Points
07:45
₹ 990
19 Seats Left
Select Seat
Cancellation Policy
Jabbar Travels
Non A-C, Sleeper
21:45
10h
Boarding/Dropping Points
07:45
₹ 1,050
19 Seats Left
Select Seat
Cancellation Policy
S L Travels
Non A-C, Seater Sleeper
21:45
9h 15m
Boarding/Dropping Points
07:00
₹ 1,320
35 Seats Left
Select Seat
Cancellation Policy
Greenline Travels
AC Sleeper (2 + 1)
21:45
8h 30m
Boarding/Dropping Points
06:15
₹ 1,400
26 Seats Left
Select Seat
Cancellation Policy
New Blossom Tour and Travels
NON-AC Seater-Sleeper (2 + 1)
21:45
9h 15m
Boarding/Dropping Points
07:00
₹ 1,500
32 Seats Left
Select Seat
Cancellation Policy
Morning Star Travels
AC Sleeper (2 + 1)
21:45
8h 45m
Boarding/Dropping Points
06:30
₹ 1,550
26 Seats Left
Select Seat
Cancellation Policy
Bharathi Travels
NON-AC Sleeper (2 + 1)
21:50
8h 55m
Boarding/Dropping Points
06:45
₹ 1,800
Sold Out
Select Seat
Cancellation Policy
Morning Star Travels
AC Sleeper (2 + 1)
21:55
9h 20m
Boarding/Dropping Points
07:15
₹ 1,550
27 Seats Left
Select Seat
Cancellation Policy
New Kaleswari Travels
NON-AC Pushback Seater (2 + 1)
22:00
10h
Boarding/Dropping Points
08:00
₹ 690
12 Seats Left
Select Seat
Cancellation Policy
New Kaleswari Travels
NON-AC Seater-Sleeper (2 + 1)
22:00
10h
Boarding/Dropping Points
08:00
₹ 700
19 Seats Left
Select Seat
Cancellation Policy
BM Cargo Carriers Pvt Ltd
NON-AC Seater-Sleeper (2 + 1)
22:00
9h
Boarding/Dropping Points
07:00
₹ 850
31 Seats Left
Select Seat
Cancellation Policy
National travels
NON A-C Semi Sleeper (2+2)
22:00
9h 20m
Boarding/Dropping Points
07:20
₹ 900
19 Seats Left
Select Seat
Cancellation Policy
National travels
Scania Multi-Axle AC Semi Sleeper (2+2)
22:00
9h 20m
Boarding/Dropping Points
07:20
₹ 900
36 Seats Left
Select Seat
Cancellation Policy
National travels
Volvo Multi-Axle A-C Semi Sleeper (2+2)
22:00
9h 20m
Boarding/Dropping Points
07:20
₹ 900
27 Seats Left
Select Seat
Cancellation Policy
Sunshine Travels
SCANIA AC Multi Axle Semi Sleeper (2 + 2)
22:00
8h 30m
Boarding/Dropping Points
06:30
₹ 900
39 Seats Left
Select Seat
Cancellation Policy
Sunshine Travels
Scania Multi-Axle AC Semi Sleeper (2+2)
22:00
10h 10m
Boarding/Dropping Points
08:10
₹ 945
39 Seats Left
Select Seat
Cancellation Policy
BM Cargo Carriers Pvt Ltd
AC Seater-Sleeper (2 + 1)
22:00
9h
Boarding/Dropping Points
07:00
₹ 950
25 Seats Left
Select Seat
Cancellation Policy
Aditya Bus
AC Sleeper (2 + 1)
22:00
9h
Boarding/Dropping Points
07:00
₹ 1,250
19 Seats Left
Select Seat
Cancellation Policy
Aditya Logistics
A-C Sleeper (2+1)
22:00
9h 55m
Boarding/Dropping Points
07:55
₹ 1,310
19 Seats Left
Select Seat
Cancellation Policy
Morning Star Travels
NON-AC Sleeper (2 + 1)
22:00
8h 30m
Boarding/Dropping Points
06:30
₹ 1,320
28 Seats Left
Select Seat
Cancellation Policy
DLT Bus
AC Sleeper (2 + 1)
22:00
8h
Boarding/Dropping Points
06:00
₹ 1,400
12 Seats Left
Select Seat
Cancellation Policy
ISRTC
AC Sleeper (2 + 1)
22:00
9h
Boarding/Dropping Points
07:00
₹ 1,400
16 Seats Left
Select Seat
Cancellation Policy
Vikram Travels
AC Sleeper (2 + 1)
22:00
8h 20m
Boarding/Dropping Points
06:20
₹ 1,460
21 Seats Left
Select Seat
Cancellation Policy
Rajesh Transports
AC Sleeper (2 + 1)
22:00
8h 30m
Boarding/Dropping Points
06:30
₹ 1,500
18 Seats Left
Select Seat
Cancellation Policy
BM Cargo Carriers Pvt Ltd
AC Sleeper (2 + 1)
22:00
9h
Boarding/Dropping Points
07:00
₹ 1,550
25 Seats Left
Select Seat
Cancellation Policy
Riyansh Tours and Travels
AC Sleeper (2 + 1)
22:00
9h 45m
Boarding/Dropping Points
07:45
₹ 1,550
24 Seats Left
Select Seat
Cancellation Policy
Sri Krishna Travels
Volvo A-C B11R Multi Axle Semi Sleeper (2+2)
22:00
10h 10m
Boarding/Dropping Points
08:10
₹ 1,560
43 Seats Left
Select Seat
Cancellation Policy
Sunshine Travels
VOLVO AC Multi Axle Sleeper (2 + 1)
22:00
8h 30m
Boarding/Dropping Points
06:30
₹ 1,600
28 Seats Left
Select Seat
Cancellation Policy
New Dhanunjaya Travels (HYD To BNG)
VOLVO AC Multi Axle Sleeper(2 + 1)
22:00
9h
Boarding/Dropping Points
07:00
₹ 1,600
21 Seats Left
Select Seat
Cancellation Policy
Jabbar Travels
VOLVO AC Multi Axle Semi Sleeper (2 + 2)
22:00
9h 15m
Boarding/Dropping Points
07:15
₹ 1,650
Sold Out
Select Seat
Cancellation Policy
Orange Tours and Travels Platinum
VOLVO AC Multi Axle Sleeper (2 + 1)
22:00
9h 10m
Boarding/Dropping Points
07:10
₹ 1,800
16 Seats Left
Select Seat
Cancellation Policy
FNT Express
AC Sleeper (2 + 1)
22:00
10h 30m
Boarding/Dropping Points
08:30
₹ 1,850
Sold Out
Select Seat
Cancellation Policy
KBN Travels
A-C, Sleeper, Premium B9r Multi Axle, Multi Axle
22:00
9h 30m
Boarding/Dropping Points
07:30
₹ 2,500
42 Seats Left
Select Seat
Cancellation Policy
KBN Travels
AC Sleeper
22:00
9h 30m
Boarding/Dropping Points
07:30
₹ 2,500
42 Seats Left
Select Seat
Cancellation Policy
Dakshin roadlines
A-C Sleeper (2+1)
22:00
9h 40m
Boarding/Dropping Points
07:40
₹ 4,200
36 Seats Left
Select Seat
Cancellation Policy
ISRTC BUS
AC Sleeper (2+1)
22:05
7h 55m
Boarding/Dropping Points
06:00
₹ 2,510
16 Seats Left
Select Seat
Cancellation Policy
AVM Tours And Travels
NON A-C Seater - Sleeper (2+1)
22:10
9h 50m
Boarding/Dropping Points
08:00
₹ 788
46 Seats Left
Select Seat
Cancellation Policy
IntrCity SmartBus
AC Sleeper (2+1)
22:10
10h 10m
Boarding/Dropping Points
08:20
₹ 1,670
20 Seats Left
Select Seat
Cancellation Policy
New Meghana Travels
AC Seater-Sleeper (2 + 1)
22:10
10h 35m
Boarding/Dropping Points
08:45
₹ 3,000
40 Seats Left
Select Seat
Cancellation Policy
New Meghana Travels
NON-AC Seater-Sleeper (2 + 1)
22:10
10h 35m
Boarding/Dropping Points
08:45
₹ 3,000
37 Seats Left
Select Seat
Cancellation Policy
VRL Travels
A-C Seater - Sleeper (2+1)
22:15
7h 30m
Boarding/Dropping Points
05:45
₹ 945
40 Seats Left
Select Seat
Cancellation Policy
Bharathi Travels
A-C, Sleeper, Premium Ishift B11r, Multi Axle
22:15
9h 5m
Boarding/Dropping Points
07:20
₹ 1,400
30 Seats Left
Select Seat
Cancellation Policy
Bharathi Travels
VOLVO AC Multi Axle Sleeper (2 + 1)
22:15
9h 5m
Boarding/Dropping Points
07:20
₹ 1,400
30 Seats Left
Select Seat
Cancellation Policy
Vikram Travels
A-C Sleeper (2+1)
22:15
8h 35m
Boarding/Dropping Points
06:50
₹ 1,530
24 Seats Left
Select Seat
Cancellation Policy
Morning Star Travels
A-C Sleeper (2+1)
22:15
8h 35m
Boarding/Dropping Points
06:50
₹ 1,630
17 Seats Left
Select Seat
Cancellation Policy
Orange Tours and Travels Grand
A-C Sleeper (2+1)
22:15
10h 5m
Boarding/Dropping Points
08:20
₹ 1,630
24 Seats Left
Select Seat
Cancellation Policy
Orange Tours and Travels Grand
AC Sleeper (2 + 1)
22:20
9h 10m
Boarding/Dropping Points
07:30
₹ 1,400
23 Seats Left
Select Seat
Cancellation Policy
DLT BUS
A-C Sleeper (2+1)
22:20
7h 40m
Boarding/Dropping Points
06:00
₹ 1,470
24 Seats Left
Select Seat
Cancellation Policy
DLT BUS
A-C Sleeper (2+1)
22:20
7h 45m
Boarding/Dropping Points
06:05
₹ 1,470
12 Seats Left
Select Seat
Cancellation Policy
Orange Tours and Travels
AC Sleeper (2 + 1)
22:20
9h 10m
Boarding/Dropping Points
07:30
₹ 1,500
27 Seats Left
Select Seat
Cancellation Policy
Orange tours and travels
A-C Sleeper (2+1)
22:20
10h 40m
Boarding/Dropping Points
09:00
₹ 1,630
35 Seats Left
Select Seat
Cancellation Policy
Go Tour Travels and Holidays
A-C Sleeper (2+1)
22:20
10h
Boarding/Dropping Points
08:20
₹ 1,770
20 Seats Left
Select Seat
Cancellation Policy
SRS Travels and Logistics Private Limited
MERCEDES BENZ AC Multi Axle Semi Sleeper (2 +2)
22:30
8h 30m
Boarding/Dropping Points
07:00
₹ 850
43 Seats Left
Select Seat
Cancellation Policy
SRS Travels
Mercedes Multi-Axle Semi Sleeper (2+2)
22:30
8h 10m
Boarding/Dropping Points
06:40
₹ 893
43 Seats Left
Select Seat
Cancellation Policy
Dharani Tours and Travels
NON A-C Seater - Sleeper (2+1)
22:30
9h 15m
Boarding/Dropping Points
07:45
₹ 1,050
21 Seats Left
Select Seat
Cancellation Policy
Mahi Trans Solutions
NON A-C Seater - Sleeper (2+1)
22:30
9h 32m
Boarding/Dropping Points
08:02
₹ 1,050
32 Seats Left
Select Seat
Cancellation Policy
Mahi Trans Solutions
AC Seater-Sleeper (2 + 1)
22:30
9h
Boarding/Dropping Points
07:30
₹ 1,100
32 Seats Left
Select Seat
Cancellation Policy
Mahi Trans Solutions
A-C Seater - Sleeper (2+1)
22:30
9h 50m
Boarding/Dropping Points
08:20
₹ 1,150
32 Seats Left
Select Seat
Cancellation Policy
Greenline Travels
NON-AC Sleeper (2 + 1)
22:30
8h
Boarding/Dropping Points
06:30
₹ 1,200
Sold Out
Select Seat
Cancellation Policy
New Blossom Tour And Travels
NON A-C Seater - Sleeper (2+1)
22:30
9h 20m
Boarding/Dropping Points
07:50
₹ 1,580
32 Seats Left
Select Seat
Cancellation Policy
Tanaaz Travel &amp; Cargo
A-C Sleeper (2+1)
22:30
7h 25m
Boarding/Dropping Points
05:55
₹ 2,630
26 Seats Left
Select Seat
Cancellation Policy
SLH Tours And Travels
AC Sleeper (2 + 1)
22:30
9h 30m
Boarding/Dropping Points
08:00
₹ 3,000
Sold Out
Select Seat
Cancellation Policy
BMCC Travels Pvt Ltd
NON A-C Seater - Sleeper (2+1)
22:35
9h 30m
Boarding/Dropping Points
08:05
₹ 893
31 Seats Left
Select Seat
Cancellation Policy
Happy Bus Services
NON A-C Seater - Sleeper (2+1)
22:35
9h 15m
Boarding/Dropping Points
07:50
₹ 945
37 Seats Left
Select Seat
Cancellation Policy
BMCC Travels Pvt Ltd
A-C Seater - Sleeper (2+1)
22:35
10h
Boarding/Dropping Points
08:35
₹ 998
25 Seats Left
Select Seat
Cancellation Policy
Happy Bus Services
A-C Seater - Sleeper (2+1)
22:35
9h 15m
Boarding/Dropping Points
07:50
₹ 1,050
36 Seats Left
Select Seat
Cancellation Policy
BMCC Travels Pvt Ltd
A-C Sleeper (2+1)
22:35
10h 20m
Boarding/Dropping Points
08:55
₹ 1,630
25 Seats Left
Select Seat
Cancellation Policy
Nida Tours and Travels
AC Sleeper (2 + 1)
22:40
8h 20m
Boarding/Dropping Points
07:00
₹ 1,400
18 Seats Left
Select Seat
Cancellation Policy
Orange Tours and Travels
Mercedes Benz AC Multi Axle Sleeper (2 + 1)
22:40
9h 5m
Boarding/Dropping Points
07:45
₹ 1,600
13 Seats Left
Select Seat
Cancellation Policy
Hail Trip
A-C Sleeper (2+1)
22:40
10h 15m
Boarding/Dropping Points
08:55
₹ 1,660
19 Seats Left
Select Seat
Cancellation Policy
Jabbar Travels
Scania AC Multi Axle Sleeper (2+1)
22:40
9h 30m
Boarding/Dropping Points
08:10
₹ 1,770
26 Seats Left
Select Seat
Cancellation Policy
Orange tours and travels
Mercedes Benz Multi-Axle A-C Sleeper (2+1)
22:40
9h 5m
Boarding/Dropping Points
07:45
₹ 1,850
31 Seats Left
Select Seat
Cancellation Policy
GEEPEE BUS
NON-AC Sleeper (2 + 1)
22:45
9h
Boarding/Dropping Points
07:45
₹ 990
24 Seats Left
Select Seat
Cancellation Policy
Go Tour Travels and Holidays
A-C, Sleeper
22:45
9h 30m
Boarding/Dropping Points
08:15
₹ 1,550
20 Seats Left
Select Seat
Cancellation Policy
KBN Travels
Non A-C, Seater Sleeper
22:45
8h 45m
Boarding/Dropping Points
07:30
₹ 1,600
46 Seats Left
Select Seat
Cancellation Policy
KBN Travels
NON-AC Seater-Sleeper
22:45
8h 45m
Boarding/Dropping Points
07:30
₹ 1,600
46 Seats Left
Select Seat
Cancellation Policy
Riyansh Tours and Travels
A-C Sleeper (2+1)
22:45
9h 20m
Boarding/Dropping Points
08:05
₹ 1,630
24 Seats Left
Select Seat
Cancellation Policy
Orange tours and travels
Bharat Benz A-C Sleeper (2+1)
22:45
9h 35m
Boarding/Dropping Points
08:20
₹ 1,630
27 Seats Left
Select Seat
Cancellation Policy
Go Tour Travels and Holidays
AC Sleeper (2 + 1)
22:45
9h 30m
Boarding/Dropping Points
08:15
₹ 1,660
20 Seats Left
Select Seat
Cancellation Policy
Agniputhra Transports
Scania AC Multi Axle Sleeper (2+1)
22:45
9h 55m
Boarding/Dropping Points
08:40
₹ 1,890
33 Seats Left
Select Seat
Cancellation Policy
KBN Travels
Non A-C, Seater
22:45
8h 45m
Boarding/Dropping Points
07:30
₹ 2,000
41 Seats Left
Select Seat
Cancellation Policy
KBN Travels
NON-AC Seater
22:45
8h 45m
Boarding/Dropping Points
07:30
₹ 2,000
41 Seats Left
Select Seat
Cancellation Policy
KBN Travels
A-C, Sleeper, Deluxe
22:45
8h 15m
Boarding/Dropping Points
07:00
₹ 2,500
30 Seats Left
Select Seat
Cancellation Policy
KBN Travels
A-C, Seater Sleeper, Deluxe
22:45
8h 45m
Boarding/Dropping Points
07:30
₹ 2,500
46 Seats Left
Select Seat
Cancellation Policy
KBN Travels
AC Seater-Sleeper
22:45
8h 45m
Boarding/Dropping Points
07:30
₹ 2,500
46 Seats Left
Select Seat
Cancellation Policy
KBN Travels
AC Sleeper
22:45
8h 15m
Boarding/Dropping Points
07:00
₹ 2,500
30 Seats Left
Select Seat
Cancellation Policy
Morning Star Travels
NON A-C Sleeper (2+1)
22:50
8h 25m
Boarding/Dropping Points
07:15
₹ 1,390
28 Seats Left
Select Seat
Cancellation Policy
Morning Star Travels
A-C Sleeper (2+1)
22:50
10h 10m
Boarding/Dropping Points
09:00
₹ 1,630
27 Seats Left
Select Seat
Cancellation Policy
Meghana Travels
A-C Seater - Sleeper (2+1)
22:50
9h 45m
Boarding/Dropping Points
08:35
₹ 3,150
40 Seats Left
Select Seat
Cancellation Policy
Meghana Travels
NON A-C Seater - Sleeper (2+1)
22:50
9h 45m
Boarding/Dropping Points
08:35
₹ 3,150
37 Seats Left
Select Seat
Cancellation Policy
NIDA TOURS &amp; TRAVELS
Capella A-C Sleeper (2+1)
22:55
10h 20m
Boarding/Dropping Points
09:15
₹ 1,470
26 Seats Left
Select Seat
Cancellation Policy
IntrCity SmartBus
VOLVO AC Multi Axle Sleeper (2 + 1)
22:55
10h 15m
Boarding/Dropping Points
09:10
₹ 1,600
38 Seats Left
Select Seat
Cancellation Policy
IntrCity SmartBus
Volvo Multi Axle Sleeper B11R (2+1)
22:55
10h 15m
Boarding/Dropping Points
09:10
₹ 1,680
38 Seats Left
Select Seat
Cancellation Policy
GEEPEE BUS
NON AC Seater (2 + 2)
23:00
8h 35m
Boarding/Dropping Points
07:35
₹ 780
27 Seats Left
Select Seat
Cancellation Policy
HailTrip
NON-AC Seater-Sleeper (2 + 1)
23:00
9h 55m
Boarding/Dropping Points
08:55
₹ 800
Sold Out
Select Seat
Cancellation Policy
National Travels(nts)
NON-AC Sleeper (2 + 1)
23:00
9h 5m
Boarding/Dropping Points
08:05
₹ 1,200
27 Seats Left
Select Seat
Cancellation Policy
AVM Tours And Travels
A-C Sleeper (2+1)
23:00
10h
Boarding/Dropping Points
09:00
₹ 1,360
34 Seats Left
Select Seat
Cancellation Policy
Greenline Travels
AC Sleeper (2 + 1)
23:00
8h 45m
Boarding/Dropping Points
07:45
₹ 1,400
Sold Out
Select Seat
Cancellation Policy
Sunshine Travels
AC Sleeper (2 + 1)
23:00
9h
Boarding/Dropping Points
08:00
₹ 1,400
Sold Out
Select Seat
Cancellation Policy
Orange Tours and Travels
AC Sleeper (2 + 1)
23:00
9h 30m
Boarding/Dropping Points
08:30
₹ 1,400
17 Seats Left
Select Seat
Cancellation Policy
Go Tour Travels and Holidays
AC Sleeper (2 + 1)
23:00
9h 30m
Boarding/Dropping Points
08:30
₹ 1,490
28 Seats Left
Select Seat
Cancellation Policy
Sri Krishna Travels
VOLVO AC Multi Axle Semi Sleeper (2 + 2)
23:00
9h
Boarding/Dropping Points
08:00
₹ 1,490
43 Seats Left
Select Seat
Cancellation Policy
National Travels(nts)
VOLVO AC Multi Axle Sleeper (2 + 1)
23:00
5h 30m
Boarding/Dropping Points
04:30
₹ 1,500
23 Seats Left
Select Seat
Cancellation Policy
Go Tour Travels and Holidays
A-C, Sleeper
23:00
9h 30m
Boarding/Dropping Points
08:30
₹ 1,550
28 Seats Left
Select Seat
Cancellation Policy
Rajesh Transports
A-C Sleeper (2+1)
23:00
9h 15m
Boarding/Dropping Points
08:15
₹ 1,570
23 Seats Left
Select Seat
Cancellation Policy
HailTrip
AC Sleeper (2 + 1)
23:00
9h 50m
Boarding/Dropping Points
08:50
₹ 1,640
19 Seats Left
Select Seat
Cancellation Policy
Jabbar Travels
A-C, Sleeper, Scania, Multi Axle
23:00
9h
Boarding/Dropping Points
08:00
₹ 1,690
26 Seats Left
Select Seat
Cancellation Policy
Jabbar Travels
SCANIA AC Multi Axle Sleeper (2 + 1)
23:00
9h
Boarding/Dropping Points
08:00
₹ 1,690
26 Seats Left
Select Seat
Cancellation Policy
National travels
NON A-C Sleeper (2+1)
23:15
8h 50m
Boarding/Dropping Points
08:05
₹ 1,260
27 Seats Left
Select Seat
Cancellation Policy
National travels
A-C Sleeper (2+1)
23:15
9h 5m
Boarding/Dropping Points
08:20
₹ 1,470
29 Seats Left
Select Seat
Cancellation Policy
BM Cargo Carriers Pvt Ltd
AC Sleeper (2 + 1)
23:15
8h 45m
Boarding/Dropping Points
08:00
₹ 1,550
Sold Out
Select Seat
Cancellation Policy
KSM Roadlines
AC Sleeper (2 + 1)
23:15
8h 30m
Boarding/Dropping Points
07:45
₹ 2,000
8 Seats Left
Select Seat
Cancellation Policy
KSM Roadlines
VOLVO AC Multi Axle Sleeper (2 + 1)
23:15
8h 30m
Boarding/Dropping Points
07:45
₹ 2,000
26 Seats Left
Select Seat
Cancellation Policy
KSM Road Lines
Benz A-C Sleeper (2+1)
23:15
9h 15m
Boarding/Dropping Points
08:30
₹ 2,100
12 Seats Left
Select Seat
Cancellation Policy
KSM Road Lines
Volvo Multi Axle Sleeper B11R (2+1)
23:15
8h 30m
Boarding/Dropping Points
07:45
₹ 2,100
36 Seats Left
Select Seat
Cancellation Policy
Intercity travels
AC Sleeper (2 +1 )
23:20
9h 10m
Boarding/Dropping Points
08:30
₹ 1,500
19 Seats Left
Select Seat
Cancellation Policy
Intercity travels
Bharat Benz A-C Sleeper (2+1)
23:20
9h 25m
Boarding/Dropping Points
08:45
₹ 1,570
16 Seats Left
Select Seat
Cancellation Policy
Orange Tours and Travels
SCANIA AC Multi Axle Sleeper (2 + 1)
23:20
9h 55m
Boarding/Dropping Points
09:15
₹ 1,600
34 Seats Left
Select Seat
Cancellation Policy
KKaveri Travels
A-C Sleeper (2+1)
23:20
8h 55m
Boarding/Dropping Points
08:15
₹ 1,630
30 Seats Left
Select Seat
Cancellation Policy
Orange tours and travels
Scania AC Multi Axle Sleeper (2+1)
23:20
9h 55m
Boarding/Dropping Points
09:15
₹ 1,850
31 Seats Left
Select Seat
Cancellation Policy
National Travels(nts)
AC Sleeper (2 + 1)
23:25
9h 5m
Boarding/Dropping Points
08:30
₹ 1,400
29 Seats Left
Select Seat
Cancellation Policy
SRS Travels and Logistics Private Limited
SCANIA AC Semi Sleeper (2 + 2)
23:30
8h
Boarding/Dropping Points
07:30
₹ 850
28 Seats Left
Select Seat
Cancellation Policy
SRS Travels
Scania Multi-Axle AC Semi Sleeper (2+2)
23:30
7h 50m
Boarding/Dropping Points
07:20
₹ 893
27 Seats Left
Select Seat
Cancellation Policy
Aditya Bus
AC Sleeper (2 + 1)
23:30
8h 30m
Boarding/Dropping Points
08:00
₹ 1,300
Sold Out
Select Seat
Cancellation Policy
National Travels Business Class
SCANIA AC Multi Axle Semi Sleeper
23:30
7h 30m
Boarding/Dropping Points
07:00
₹ 1,500
32 Seats Left
Select Seat
Cancellation Policy
KKaveri Travels
AC Sleeper (2 + 1)
23:30
9h
Boarding/Dropping Points
08:30
₹ 1,550
30 Seats Left
Select Seat
Cancellation Policy
Orange tours and travels
Bharat Benz A-C Sleeper (2+1)
23:30
10h 20m
Boarding/Dropping Points
09:50
₹ 1,630
30 Seats Left
Select Seat
Cancellation Policy
Morning Star Travels
A-C Sleeper (2+1)
23:35
7h 50m
Boarding/Dropping Points
07:25
₹ 1,630
26 Seats Left
Select Seat
Cancellation Policy
==============================================]]>
  </system-out>
  <testcase classname="org.qa.testscripts.TC_Filter_002" name="YatraFilters" time="34.839"/>
  <system-out>
    <![CDATA[User is landed on the desired page
Filter Tab is Displayed in the page!.
BusType Element is clicked
AcSeater option is displayed
AcSleeper checkbox is Enabled
Please select the DepartTime
Please select the ArrivalTime
BoardingPoint Text Field is Enabled
Dropping Point text Field is Displayed
BusOperators text Field is displayed
ApplyFilter button is enabled
Available buses based on Filters : 2
Orange Tours and Travels Platinum
Volvo Multi-Axle Sleeper A-C (2+1)
14:55
9h 20m
Boarding/Dropping Points
00:15
₹ 2,360
26 Seats Left
Select Seat
Cancellation Policy
Orange Tours and Travels Platinum
Volvo Multi-Axle Sleeper A-C (2+1)
15:50
9h 55m
Boarding/Dropping Points
01:45
₹ 1,850
39 Seats Left
Select Seat
Cancellation Policy
BeforeFilter : 263
AfterFilter :2
TestCase is Passed!]]>
  </system-out>
</testsuite> <!-- org.qa.testscripts.TC_Filter_002 -->
